Base path: C:/Program Files/Unity_5_4_0f3/Editor/Data
Cmd: getPlatforms
Cmd: preprocess
  insize=963 outsize=394 ok=1
Cmd: preprocess
  insize=7416 outsize=2399 ok=1
Cmd: preprocess
  insize=1844 outsize=816 ok=1
Cmd: preprocess
  error: 1 plat 18 at (33): Unrecognized renderer for #pragma only_renderers: vulkan
  insize=2607 outsize=919 ok=1
Cmd: preprocess
  error: 1 plat 18 at (109): Unrecognized renderer for #pragma only_renderers: vulkan
  error: 1 plat 18 at (123): Unrecognized renderer for #pragma only_renderers: vulkan
  insize=4274 outsize=1614 ok=1
Cmd: preprocess
  insize=553 outsize=341 ok=1
Cmd: preprocess
  insize=898 outsize=476 ok=1
Cmd: preprocess
  insize=1014 outsize=392 ok=1
Cmd: preprocess
  insize=4267 outsize=1307 ok=1
Cmd: preprocess
  insize=4235 outsize=1085 ok=1
Cmd: preprocess
  insize=12915 outsize=2646 ok=1
Cmd: preprocess
  insize=12063 outsize=2525 ok=1
Cmd: compileSnippet
  api=4 type=0 insize=1503 outsize=622 kw= pd=UNITY_ENABLE_REFLECTION_BUFFERS UNITY_PBS_USE_BRDF1 UNITY_SPECCUBE_BOX_PROJECTION UNITY_SPECCUBE_BLENDING ok=1
Cmd: compileSnippet
  api=4 type=1 insize=1503 outsize=402 kw= pd=UNITY_ENABLE_REFLECTION_BUFFERS UNITY_PBS_USE_BRDF1 UNITY_SPECCUBE_BOX_PROJECTION UNITY_SPECCUBE_BLENDING ok=1
